[debug] [2021-04-17T19:47:41.857Z] ----------------------------------------------------------------------
[debug] [2021-04-17T19:47:41.863Z] Command:       C:\Program Files\nodejs\node.exe C:\Users\Gaurav\AppData\Roaming\npm\node_modules\firebase-tools\lib\bin\firebase.js init
[debug] [2021-04-17T19:47:41.864Z] CLI Version:   9.10.0
[debug] [2021-04-17T19:47:41.864Z] Platform:      win32
[debug] [2021-04-17T19:47:41.864Z] Node Version:  v10.15.0
[debug] [2021-04-17T19:47:41.866Z] Time:          Sun Apr 18 2021 01:17:41 GMT+0530 (India Standard Time)
[debug] [2021-04-17T19:47:41.866Z] ----------------------------------------------------------------------
[debug] 
[debug] [2021-04-17T19:47:41.883Z] > command requires scopes: ["email","openid","https://www.googleapis.com/auth/cloudplatformprojects.readonly","https://www.googleapis.com/auth/firebase","https://www.googleapis.com/auth/cloud-platform"]
[debug] [2021-04-17T19:47:41.883Z] > authorizing via signed-in user (gaurav.123337@gmail.com)
[info] 
     ######## #### ########  ######## ########     ###     ######  ########
     ##        ##  ##     ## ##       ##     ##  ##   ##  ##       ##
     ######    ##  ########  ######   ########  #########  ######  ######
     ##        ##  ##    ##  ##       ##     ## ##     ##       ## ##
     ##       #### ##     ## ######## ########  ##     ##  ######  ########

You're about to initialize a Firebase project in this directory:

  C:\Users\Gaurav\Desktop\Demo\netflix\netflix

[info] 
=== Project Setup
[info] 
[info] First, let's associate this project directory with a Firebase project.
[info] You can create multiple project aliases by running firebase use --add, 
[info] but for now we'll just set up a default project.
[info] 
[debug] [2021-04-17T19:48:18.505Z] >>> [apiv2][query] GET https://firebase.googleapis.com/v1beta1/projects pageSize=100
[debug] [2021-04-17T19:48:19.694Z] <<< [apiv2][status] GET https://firebase.googleapis.com/v1beta1/projects 200
[debug] [2021-04-17T19:48:19.694Z] <<< [apiv2][body] GET https://firebase.googleapis.com/v1beta1/projects [omitted]
[info] i  Using project myvideoplayer-9cacc (myvideoplayer) 
[info] 
=== Hosting Setup
[info] 
[info] Your public directory is the folder (relative to your project directory) that
[info] will contain Hosting assets to be uploaded with firebase deploy. If you
[info] have a build process for your assets, use your build's output directory.
[info] 
[debug] [2021-04-17T19:49:20.195Z] >>> [apiv2][query] GET https://www.gstatic.com/firebasejs/releases.json [none]
[debug] [2021-04-17T19:49:20.577Z] <<< [apiv2][status] GET https://www.gstatic.com/firebasejs/releases.json 200
[debug] [2021-04-17T19:49:20.577Z] <<< [apiv2][body] GET https://www.gstatic.com/firebasejs/releases.json {"current":{"version":"8.4.1","browserURL":"https://www.gstatic.com/firebasejs/8.4.1/firebase.js","packageURL":"https://www.gstatic.com/firebasejs/8.4.1/firebase.tgz"},"live":{"version":"8.4","browserURL":"https://www.gstatic.com/firebasejs/live/8.4/firebase.js","packageURL":"https://www.gstatic.com/firebasejs/live/8.4/firebase.tgz"},"components":{"analytics":"https://www.gstatic.com/firebasejs/8.4.1/firebase-analytics.js","app":"https://www.gstatic.com/firebasejs/8.4.1/firebase-app.js","auth":"https://www.gstatic.com/firebasejs/8.4.1/firebase-auth.js","database":"https://www.gstatic.com/firebasejs/8.4.1/firebase-database.js","firestore":"https://www.gstatic.com/firebasejs/8.4.1/firebase-firestore.js","functions":"https://www.gstatic.com/firebasejs/8.4.1/firebase-functions.js","installations":"https://www.gstatic.com/firebasejs/8.4.1/firebase-installations.js","messaging":"https://www.gstatic.com/firebasejs/8.4.1/firebase-messaging.js","storage":"https://www.gstatic.com/firebasejs/8.4.1/firebase-storage.js","performance":"https://www.gstatic.com/firebasejs/8.4.1/firebase-performance.js","remote-config":"https://www.gstatic.com/firebasejs/8.4.1/firebase-remote-config.js","firestore.memory":"https://www.gstatic.com/firebasejs/8.4.1/firebase-firestore.memory.js"}}
[info] +  Wrote build/index.html 
[info] 
[info] i  Detected a .git folder at C:\Users\Gaurav\Desktop\Demo\netflix\netflix 
[info] i  Authorizing with GitHub to upload your service account to a GitHub repository's secrets store. 
[info] 
[info] Visit this URL on this device to log in:
[info] https://github.com/login/oauth/authorize?client_id=89cf50f02ac6aaed3484&state=398712102&redirect_uri=http%3A%2F%2Flocalhost%3A9005&scope=read%3Auser%20repo%20public_repo
[info] 
[info] Waiting for authentication...
[debug] [2021-04-17T19:50:15.305Z] >>> HTTP REQUEST POST https://github.com/login/oauth/access_token  
 {"client_id":"89cf50f02ac6aaed3484","client_secret":"3330d14abc895d9a74d5f17cd7a00711fa2c5bf0","code":"13783f9901288f573792","redirect_uri":"http://localhost:9005","state":"398712102"}
[debug] [2021-04-17T19:50:16.163Z] <<< HTTP RESPONSE 200 {"server":"GitHub.com","date":"Sat, 17 Apr 2021 19:50:16 GMT","content-type":"application/json; charset=utf-8","transfer-encoding":"chunked","vary":"X-PJAX, Accept-Encoding, Accept, X-Requested-With","etag":"W/\"224db145b70d32895f4b70d761dcc3a2\"","cache-control":"max-age=0, private, must-revalidate","strict-transport-security":"max-age=31536000; includeSubdomains; preload","x-frame-options":"deny","x-content-type-options":"nosniff","x-xss-protection":"0","referrer-policy":"origin-when-cross-origin, strict-origin-when-cross-origin","expect-ct":"max-age=2592000, report-uri=\"https://api.github.com/_private/browser/errors\"","content-security-policy":"default-src 'none'; base-uri 'self'; block-all-mixed-content; connect-src 'self' uploads.github.com www.githubstatus.com collector.githubapp.com api.github.com github-cloud.s3.amazonaws.com github-production-repository-file-5c1aeb.s3.amazonaws.com github-production-upload-manifest-file-7fdce7.s3.amazonaws.com github-production-user-asset-6210df.s3.amazonaws.com cdn.optimizely.com logx.optimizely.com/v1/events wss://alive.github.com; font-src github.githubassets.com; form-action 'self' github.com gist.github.com; frame-ancestors 'none'; frame-src render.githubusercontent.com; img-src 'self' data: github.githubassets.com identicons.github.com collector.githubapp.com github-cloud.s3.amazonaws.com secured-user-images.githubusercontent.com/ *.githubusercontent.com; manifest-src 'self'; media-src 'none'; script-src github.githubassets.com; style-src 'unsafe-inline' github.githubassets.com; worker-src github.com/socket-worker-3f088aa2.js gist.github.com/socket-worker-3f088aa2.js","x-github-request-id":"2FF8:5E29:2AD1C4:3862DD:607B3BF8"}
[debug] [2021-04-17T19:50:16.189Z] >>> [apiv2][query] GET https://api.github.com/user [none]
[debug] [2021-04-17T19:50:16.951Z] <<< [apiv2][status] GET https://api.github.com/user 200
[debug] [2021-04-17T19:50:16.951Z] <<< [apiv2][body] GET https://api.github.com/user {"login":"gaurav123337","id":5329824,"node_id":"MDQ6VXNlcjUzMjk4MjQ=","avatar_url":"https://avatars.githubusercontent.com/u/5329824?v=4","gravatar_id":"","url":"https://api.github.com/users/gaurav123337","html_url":"https://github.com/gaurav123337","followers_url":"https://api.github.com/users/gaurav123337/followers","following_url":"https://api.github.com/users/gaurav123337/following{/other_user}","gists_url":"https://api.github.com/users/gaurav123337/gists{/gist_id}","starred_url":"https://api.github.com/users/gaurav123337/starred{/owner}{/repo}","subscriptions_url":"https://api.github.com/users/gaurav123337/subscriptions","organizations_url":"https://api.github.com/users/gaurav123337/orgs","repos_url":"https://api.github.com/users/gaurav123337/repos","events_url":"https://api.github.com/users/gaurav123337/events{/privacy}","received_events_url":"https://api.github.com/users/gaurav123337/received_events","type":"User","site_admin":false,"name":"Gaurav","company":null,"blog":"","location":null,"email":null,"hireable":null,"bio":null,"twitter_username":null,"public_repos":32,"public_gists":0,"followers":0,"following":7,"created_at":"2013-08-28T12:36:57Z","updated_at":"2021-04-17T19:50:14Z","private_gists":0,"total_private_repos":1,"owned_private_repos":1,"disk_usage":24246,"collaborators":0,"two_factor_authentication":false,"plan":{"name":"free","space":976562499,"collaborators":0,"private_repos":10000}}
[info] 
[info] +  Success! Logged into GitHub as gaurav123337 
[info] 
[debug] [2021-04-17T19:51:23.722Z] >>> [apiv2][query] GET https://api.github.com/repos/gautav123337/netflix-clone/actions/secrets/public-key type=owner
[debug] [2021-04-17T19:51:24.552Z] <<< [apiv2][status] GET https://api.github.com/repos/gautav123337/netflix-clone/actions/secrets/public-key 404
[debug] [2021-04-17T19:51:24.552Z] <<< [apiv2][body] GET https://api.github.com/repos/gautav123337/netflix-clone/actions/secrets/public-key {"message":"Not Found","documentation_url":"https://docs.github.com/rest/reference/actions#get-a-repository-public-key"}
[debug] [2021-04-17T19:51:50.548Z] >>> [apiv2][query] GET https://api.github.com/repos/gaurav123337/netflix-clone/actions/secrets/public-key type=owner
[debug] [2021-04-17T19:51:51.198Z] <<< [apiv2][status] GET https://api.github.com/repos/gaurav123337/netflix-clone/actions/secrets/public-key 200
[debug] [2021-04-17T19:51:51.198Z] <<< [apiv2][body] GET https://api.github.com/repos/gaurav123337/netflix-clone/actions/secrets/public-key {"key_id":"568250167242549743","key":"iN9gDPLmro3iOGVmWycKKiEnKP6KNP9h8gyYqFaGA0o="}
[debug] [2021-04-17T19:51:51.201Z] >>> [apiv2][query] GET https://api.github.com/repos/gaurav123337/netflix-clone [none]
[debug] [2021-04-17T19:51:51.841Z] <<< [apiv2][status] GET https://api.github.com/repos/gaurav123337/netflix-clone 200
